<?xml version="1.0" encoding="UTF-8"?>
<TestRun id="de4aae10-4de5-49fe-81a5-20ae06d0f06b" name="ebastar@LAP-EBASTAR 2014-10-22 12:50:24" runUser="PTH\ebastar" xmlns="http://microsoft.com/schemas/VisualStudio/TeamTest/2010">
  <TestSettings name="Local" id="bed6b4fd-d570-4e2a-9237-e0aa2aa1e62d">
    <Description>These are default test settings for a local test run.</Description>
    <Deployment userDeploymentRoot="C:\Users\ebastar\Documents\GitHub\MiniWare\MiniWare\MiniWareAPI\TestResults" useDefaultDeploymentRoot="false" enabled="false" runDeploymentRoot="ebastar_LAP-EBASTAR 2014-10-22 12_50_24">
      <DeploymentItem filename="C:\Users\ebastar\Documents\GitHub\MiniWare\MiniWare\MiniWareAPI\Models\bin\Debug\Models.dll" />
      <DeploymentItem filename="C:\Users\ebastar\Documents\GitHub\MiniWare\MiniWare\MiniWareAPI\Bussiness\bin\Debug\Bussiness.dll" />
    </Deployment>
    <Execution>
      <TestTypeSpecific />
      <AgentRule name="Execution Agents">
      </AgentRule>
    </Execution>
  </TestSettings>
  <Times creation="2014-10-22T12:50:24.6114445-05:00" queuing="2014-10-22T12:50:26.7248585-05:00" start="2014-10-22T12:50:26.8399351-05:00" finish="2014-10-22T12:51:52.3570443-05:00" />
  <ResultSummary outcome="Error">
    <Counters total="1" executed="1" error="0" failed="0" timeout="0" aborted="1" inconclusive="0" passedButRunAborted="0" notRunnable="0" notExecuted="0" disconnected="0" warning="0" passed="0" completed="0" inProgress="0" pending="0" />
    <RunInfos>
      <RunInfo computerName="LAP-EBASTAR" outcome="Error" timestamp="2014-10-22T12:51:52.3560440-05:00">
        <Text>Test host process exited unexpectedly.</Text>
      </RunInfo>
    </RunInfos>
  </ResultSummary>
  <TestDefinitions>
    <UnitTest name="SaveUser" storage="c:\users\ebastar\documents\github\miniware\miniware\miniwareapi\testminiware\bin\debug\testminiware.dll" id="94da58ae-6181-310d-d25c-17962f8b7b6a">
      <Execution id="9aa9208a-255f-4358-9af6-819a0a965269" />
      <TestMethod codeBase="C:/Users/ebastar/Documents/GitHub/MiniWare/MiniWare/MiniWareAPI/TestMiniWare/bin/Debug/TestMiniWare.DLL" adapterTypeName="Microsoft.VisualStudio.TestTools.TestTypes.Unit.UnitTestAdapter, Microsoft.VisualStudio.QualityTools.Tips.UnitTest.Adapter, Version=10.0.0.0, Culture=neutral, PublicKeyToken=b03f5f7f11d50a3a" className="TestMiniWare.UnitTest1, TestMiniWare, Version=1.0.0.0, Culture=neutral, PublicKeyToken=null" name="SaveUser" />
    </UnitTest>
  </TestDefinitions>
  <TestLists>
    <TestList name="Results Not in a List" id="8c84fa94-04c1-424b-9868-57a2d4851a1d" />
    <TestList name="All Loaded Results" id="19431567-8539-422a-85d7-44ee4e166bda" />
  </TestLists>
  <TestEntries>
    <TestEntry testId="94da58ae-6181-310d-d25c-17962f8b7b6a" executionId="9aa9208a-255f-4358-9af6-819a0a965269" testListId="8c84fa94-04c1-424b-9868-57a2d4851a1d" />
  </TestEntries>
  <Results>
    <UnitTestResult executionId="9aa9208a-255f-4358-9af6-819a0a965269" testId="94da58ae-6181-310d-d25c-17962f8b7b6a" testName="SaveUser" computerName="LAP-EBASTAR" duration="00:01:25.3600035" startTime="2014-10-22T12:50:26.9960405-05:00" endTime="2014-10-22T12:51:52.3560440-05:00" testType="13cdc9d9-ddb5-4fa4-a97d-d965ccfc6d4b" outcome="Aborted" testListId="8c84fa94-04c1-424b-9868-57a2d4851a1d" relativeResultsDirectory="9aa9208a-255f-4358-9af6-819a0a965269">
    </UnitTestResult>
  </Results>
</TestRun>